Arguments: 
  D:\DHRUMI_SHAH\Web development 2.0\node.exe C:\Users\dhrumishah\AppData\Roaming\npm\node_modules\yarn\bin\yarn.js

PATH: 
  C:\Python39\Scripts\;C:\Python39\;C:\Program Files\Common Files\Oracle\Java\javapath;C:\Program Files (x86)\Common Files\Oracle\Java\javapath;D:\Sources\python 3.9\Scripts\;D:\Sources\python 3.9\;C:\WINDOWS\system32;C:\WINDOWS;C:\WINDOWS\System32\Wbem;C:\WINDOWS\System32\WindowsPowerShell\v1.0\;C:\WINDOWS\System32\OpenSSH\;C:\MinGW\bin;D:\Sources\python 3.9;C:\ProgramData\chocolatey\bin;D:\DHRUMI_SHAH\c++\MINGW\bin;C:\Java\jdk1.8.0_333\bin;C:\hadoop-3.3.3\bin;C:\hadoop-3.3.3\sbin;D:\DHRUMI_SHAH\Web development 2.0\;C:\Users\dhrumishah\AppData\Local\Microsoft\WindowsApps;C:\Users\dhrumishah\AppData\Local\Programs\Microsoft VS Code\bin;C:\Users\dhrumishah\AppData\Local\hyper\app-3.0.2\resources\bin;C:\Program Files\MongoDB\Server\4.4\bin;C:\Users\dhrumishah\AppData\Roaming\npm;D:\DHRUMI_SHAH\web development\BACKEND\Git\cmd

Yarn version: 
  1.22.19

Node version: 
  16.18.0

Platform: 
  win32 x64

Trace: 
  SyntaxError: D:\DHRUMI_SHAH\web-development\Chainlink Hackathon\bloXchange\package.json: Unexpected token < in JSON at position 1114
      at JSON.parse (<anonymous>)
      at C:\Users\dhrumishah\AppData\Roaming\npm\node_modules\yarn\lib\cli.js:1629:59
      at Generator.next (<anonymous>)
      at step (C:\Users\dhrumishah\AppData\Roaming\npm\node_modules\yarn\lib\cli.js:310:30)
      at C:\Users\dhrumishah\AppData\Roaming\npm\node_modules\yarn\lib\cli.js:321:13

npm manifest: 
  {
    "name": "bloxchange",
    "version": "0.0.1",
    "description": "create-web3 monorepo quickstart with vite and hardhat",
    "main": "index.js",
    "private": true,
    "scripts": {
      "dev": "yarn workspace @create-web3/frontend dev",
      "build": "yarn workspace @create-web3/frontend build",
      "serve": "yarn workspace @create-web3/frontend serve",
      "chain": "yarn workspace @create-web3/backend chain",
      "compile": "yarn workspace @create-web3/backend compile",
      "test": "yarn workspace @create-web3/backend test",
      "clean": "yarn workspace @create-web3/backend clean",
      "deploy": "yarn workspace @create-web3/backend deploy",
      "build-subgraph": "yarn workspace @create-web3/subgraph codegen-build",
      "deploy-subgraph": "yarn workspace @create-web3/subgraph deploy"
    },
    "workspaces": {
      "packages": [
        "packages/*"
      ],
      "nohoist": [
        "**/@graphprotocol/graph-ts",
        "**/@graphprotocol/graph-ts/**",
        "**/backend",
        "**/backend/**"
      ]
    },
    "resolutions": {
      "ethereumjs-abi": "https://registry.npmjs.org/ethereumjs-abi/-/ethereumjs-abi-0.6.8.tgz"
  <<<<<<< HEAD
    },
    "dependencies": {
      "animate.css": "^4.1.1",
      "emailjs-com": "^3.2.0",
      "react-toastify": "^9.1.1"
  =======
  >>>>>>> d4f97c28f6bb9b38aabaddd96572a478fd0a8562
    }
  }

yarn manifest: 
  No manifest

Lockfile: 
  
